<?xml version="1.0" encoding="UTF-8"?>
<!-- Generated by org.testng.reporters.JUnitReportReporter -->
<testsuite hostname="Sales" name="com.index.GeneralIndex" tests="1" failures="0" timestamp="1 Jan 2019 09:58:30 GMT" time="900.320" errors="0">
  <testcase name="TC_DB_01" time="900.320" classname="com.index.GeneralIndex"/>
</testsuite> <!-- com.index.GeneralIndex -->
