<?xml version="1.0" encoding="UTF-8"?>
<!-- Generated by org.testng.reporters.JUnitReportReporter -->
<testsuite hostname="Sales" name="com.index.GeneralIndex" tests="1" failures="0" timestamp="31 Dec 2018 10:07:47 GMT" time="894.602" errors="0">
  <testcase name="TC_DB_01" time="894.602" classname="com.index.GeneralIndex"/>
</testsuite> <!-- com.index.GeneralIndex -->
